<?xml version="1.0" encoding="UTF-8"?>
<!-- Generated by org.testng.reporters.JUnitReportReporter -->
<testsuite hostname="DESKTOP-F5B8GGK" failures="0" tests="1" name="Testng_framework.T15_Test" time="0.506" errors="0" timestamp="2021-03-05T13:07:16 IST" skipped="0">
  <testcase classname="Testng_framework.T15_Test" name="f" time="0.506"/>
  <system-out/>
</testsuite> <!-- Testng_framework.T15_Test -->
