<?xml version="1.0" encoding="UTF-8"?>
<!-- Generated by org.testng.reporters.JUnitReportReporter -->
<testsuite hostname="DESKTOP-F5B8GGK" failures="0" tests="1" name="Testng_framework.T9_Test" time="117.981" errors="0" timestamp="2021-03-05T10:04:52 IST" skipped="0">
  <testcase classname="Testng_framework.T9_Test" name="f" time="117.981"/>
  <system-out/>
</testsuite> <!-- Testng_framework.T9_Test -->
