<?xml version="1.0" encoding="UTF-8"?>
<!-- Generated by org.testng.reporters.JUnitReportReporter -->
<testsuite hostname="DESKTOP-F5B8GGK" failures="0" tests="2" name="Testng_framework.T1_Test" time="0.014" errors="0" timestamp="2021-03-03T18:19:40 IST" skipped="0">
  <testcase classname="Testng_framework.T1_Test" name="f" time="0.004"/>
  <system-out>
this is string   </system-out>
  <testcase classname="Testng_framework.T1_Test" name="f" time="0.010"/>
  <system-out>
this is string   </system-out>
</testsuite> <!-- Testng_framework.T1_Test -->
