<?xml version="1.0" encoding="UTF-8"?>
<!-- Generated by org.testng.reporters.JUnitReportReporter -->
<testsuite hostname="DESKTOP-F5B8GGK" failures="0" tests="1" name="Testng_framework.T17_Test" time="3.937" errors="0" timestamp="2021-03-05T19:43:11 IST" skipped="0">
  <testcase classname="Testng_framework.T17_Test" name="f" time="3.937"/>
  <system-out/>
</testsuite> <!-- Testng_framework.T17_Test -->
