<?xml version="1.0" encoding="UTF-8"?>
<!-- Generated by org.testng.reporters.JUnitReportReporter -->
<testsuite hostname="DESKTOP-F5B8GGK" failures="0" tests="1" name="Testng_framework.T14_Test" time="55.867" errors="0" timestamp="2021-03-05T17:45:09 IST" skipped="0">
  <testcase classname="Testng_framework.T14_Test" name="f" time="55.867"/>
  <system-out/>
</testsuite> <!-- Testng_framework.T14_Test -->
