<?xml version="1.0" encoding="UTF-8"?>
<!-- Generated by org.testng.reporters.JUnitReportReporter -->
<testsuite hostname="DESKTOP-F5B8GGK" failures="0" tests="1" name="Testng_framework.T5_Test" time="12.666" errors="0" timestamp="2021-03-05T20:14:31 IST" skipped="0">
  <testcase classname="Testng_framework.T5_Test" name="f" time="12.666"/>
  <system-out/>
</testsuite> <!-- Testng_framework.T5_Test -->
