<?xml version="1.0" encoding="UTF-8"?>
<!-- Generated by org.testng.reporters.JUnitReportReporter -->
<testsuite hostname="DESKTOP-F5B8GGK" failures="0" tests="1" name="Testng_framework.T4_Test" time="16.261" errors="0" timestamp="2021-03-05T20:11:41 IST" skipped="0">
  <testcase classname="Testng_framework.T4_Test" name="f" time="16.261"/>
  <system-out/>
</testsuite> <!-- Testng_framework.T4_Test -->
