<?xml version="1.0" encoding="UTF-8"?>
<!-- Generated by org.testng.reporters.JUnitReportReporter -->
<testsuite hostname="DESKTOP-F5B8GGK" failures="0" tests="1" name="Testng_framework.T11_Test" time="0.020" errors="0" timestamp="2021-03-05T11:48:02 IST" skipped="0">
  <testcase classname="Testng_framework.T11_Test" name="f" time="0.020"/>
  <system-out/>
</testsuite> <!-- Testng_framework.T11_Test -->
