<?xml version="1.0" encoding="UTF-8"?>
<!-- Generated by org.testng.reporters.JUnitReportReporter -->
<testsuite hostname="DESKTOP-F5B8GGK" failures="0" tests="3" name="Testng_framework.T12_Test" time="6.715" errors="0" timestamp="2021-03-05T12:15:28 IST" skipped="0">
  <testcase classname="Testng_framework.T12_Test" name="f" time="2.187"/>
  <system-out/>
  <testcase classname="Testng_framework.T12_Test" name="f" time="2.313"/>
  <system-out/>
  <testcase classname="Testng_framework.T12_Test" name="f" time="2.215"/>
  <system-out/>
</testsuite> <!-- Testng_framework.T12_Test -->
