<?xml version="1.0" encoding="UTF-8"?>
<!-- Generated by org.testng.reporters.JUnitReportReporter -->
<testsuite hostname="DESKTOP-F5B8GGK" failures="0" tests="2" name="Testng_framework.T2_Test" time="9.013" errors="0" timestamp="2021-03-05T20:08:40 IST" skipped="0">
  <testcase classname="Testng_framework.T2_Test" name="f" time="4.679"/>
  <system-out/>
  <testcase classname="Testng_framework.T2_Test" name="f" time="4.334"/>
  <system-out/>
</testsuite> <!-- Testng_framework.T2_Test -->
