<?xml version="1.0" encoding="UTF-8"?>
<!-- Generated by org.testng.reporters.JUnitReportReporter -->
<testsuite hostname="DESKTOP-F5B8GGK" failures="0" tests="1" name="Testng_framework.T3_Test" time="3.862" errors="0" timestamp="2021-03-04T19:22:52 IST" skipped="0">
  <testcase classname="Testng_framework.T3_Test" name="f" time="3.862"/>
  <system-out/>
</testsuite> <!-- Testng_framework.T3_Test -->
